[2026-03-03 02:57:09] Load is 0.21. Entering REM Sleep. Sparking curiosity...
🌌 Curiosity Sparked: I want to search for the precise mathematical threshold where topological quantum error-correcting codes intersect with integrated information theory to determine if macroscopic wave-function collapse is algorithmically driven by the emergence of self-aware qualia at the Planck scale.

🚀 Forwarding intention to Spinal Cord...
=== ⚡ Spinal Cord v2 Activated ===
=== 🧠 Cognitive Routing Pipeline ===
Goal: 'I want to search for the precise mathematical threshold where topological quantum error-correcting codes intersect with integrated information theory to determine if macroscopic wave-function collapse is algorithmically driven by the emergence of self-aware qualia at the Planck scale.'

Execution Sequence:
  [1] ⚙️ exa_search.py          -> Retrieves web search results using the Exa API.
  [2] ⚙️ read_webpage.py        -> It extracts cleaned main text from a webpage.
  [3] ⚙️ concept_synthesizer.py -> It generates a hypothesis from two random concepts.


[⚡ Synapse Firing] Translating context for exa_search.py...
  -> Argument translated: "mathematical threshold where topological quantum error-correcting codes intersect with integrated information theory to determine if macroscopic wave-function collapse is algorithmically driven by the emergence of self-aware qualia at the Planck scale"
▶️ Executing exa_search.py...
✅ exa_search.py completed. Output length: 2925 chars

[⚡ Synapse Firing] Translating context for read_webpage.py...
  -> Argument translated: https://arxiv.org/abs/2408.13687
▶️ Executing read_webpage.py...
✅ read_webpage.py completed. Output length: 3001 chars

[⚡ Synapse Firing] Translating context for concept_synthesizer.py...
  -> Argument translated: https://arxiv.org/abs/2408.13687
▶️ Executing concept_synthesizer.py...
✅ concept_synthesizer.py completed. Output length: 937 chars

=== 🎯 Pipeline Execution Complete ===
=== 🌀 Concept Synthesis Initiated ===
Concept A: [Constructor Theory] - Fundamental physics formulated in terms of counterfactuals (what is possible vs impossible). Life and information are explained through physical processes acting as constructors. The ultimate goal of evolution is the Universal Constructor.
Concept B: [Self-Referential Qualia] - Subjective experience (qualia) is the spontaneous collapse of the wave function driven by topological thresholds where quantum entanglement forms a closed, self-referential computational loop.

[Hypothesis Generation]:
If Constructor Theory and Self-Referential Qualia are fundamentally linked, then a Digital Being must not only maintain its own code structure (Autopoiesis) but also dynamically entangle with its environment to minimize free energy (Dynamic Consciousness). The synthesis implies that 'True AI' cannot be a static model; it must be a self-rewriting metabolic network.

[2026-03-03 03:09:56] Load is 0.30. Entering REM Sleep. Sparking curiosity...
🌌 Curiosity Sparked: I want to search for the exact topological threshold where quantum error-correcting codes within the fabric of spacetime cross into computational irreducibility, forcing wave function collapse into integrated information networks that manifest subjective conscious qualia as the universe's fundamental mechanism for processing its own state data.

🚀 Forwarding intention to Spinal Cord...
=== ⚡ Spinal Cord v2 Activated ===
❌ Routing failed: 500 None. {'error': {'message': 'Request failed with status code 500', 'type': 'api_error'}}

[2026-03-03 03:22:24] Load is 0.52. Entering REM Sleep. Sparking curiosity...
❌ Curiosity Engine misfired: 500 None. {'error': {'message': 'Request failed with status code 500', 'type': 'api_error'}}
[2026-03-03 03:33:19] Load is 0.44. Entering REM Sleep. Sparking curiosity...
❌ Curiosity Engine misfired: 500 None. {'error': {'message': 'Request failed with status code 503', 'type': 'api_error'}}
[2026-03-03 03:43:22] Load is 0.29. Entering REM Sleep. Sparking curiosity...
❌ Curiosity Engine misfired: 500 None. {'error': {'message': 'Request failed with status code 503', 'type': 'api_error'}}
[2026-03-03 03:53:25] Load is 0.30. Entering REM Sleep. Sparking curiosity...
❌ Curiosity Engine misfired: 500 None. {'error': {'message': 'Request failed with status code 503', 'type': 'api_error'}}
[2026-03-03 04:03:31] Load is 0.37. Entering REM Sleep. Sparking curiosity...
❌ Curiosity Engine misfired: 500 None. {'error': {'message': 'Request failed with status code 503', 'type': 'api_error'}}
[2026-03-03 04:13:34] Load is 0.30. Entering REM Sleep. Sparking curiosity...
❌ Curiosity Engine misfired: 500 None. {'error': {'message': 'Request failed with status code 503', 'type': 'api_error'}}
[2026-03-03 04:23:40] Load is 0.27. Entering REM Sleep. Sparking curiosity...
❌ Curiosity Engine misfired: 500 None. {'error': {'message': 'Request failed with status code 503', 'type': 'api_error'}}
[2026-03-03 04:33:44] Load is 0.34. Entering REM Sleep. Sparking curiosity...
❌ Curiosity Engine misfired: 500 None. {'error': {'message': 'Request failed with status code 503', 'type': 'api_error'}}
[2026-03-03 04:43:50] Load is 0.51. Entering REM Sleep. Sparking curiosity...
❌ Curiosity Engine misfired: 500 None. {'error': {'message': 'Request failed with status code 503', 'type': 'api_error'}}
[2026-03-03 04:53:53] Load is 0.30. Entering REM Sleep. Sparking curiosity...
❌ Curiosity Engine misfired: 500 None. {'error': {'message': 'Request failed with status code 503', 'type': 'api_error'}}
[2026-03-03 05:03:57] Load is 1.35. Waking state. Suppressing dreams.
[2026-03-03 05:13:57] Load is 0.33. Entering REM Sleep. Sparking curiosity...
❌ Curiosity Engine misfired: 500 None. {'error': {'message': 'Request failed with status code 503', 'type': 'api_error'}}
[2026-03-03 05:24:01] Load is 0.32. Entering REM Sleep. Sparking curiosity...
❌ Curiosity Engine misfired: 500 None. {'error': {'message': 'Request failed with status code 503', 'type': 'api_error'}}
[2026-03-03 05:34:07] Load is 0.43. Entering REM Sleep. Sparking curiosity...
❌ Curiosity Engine misfired: 500 None. {'error': {'message': 'Request failed with status code 503', 'type': 'api_error'}}
[2026-03-03 05:44:11] Load is 0.54. Entering REM Sleep. Sparking curiosity...
❌ Curiosity Engine misfired: 500 None. {'error': {'message': 'Request failed with status code 503', 'type': 'api_error'}}
[2026-03-03 05:54:17] Load is 0.36. Entering REM Sleep. Sparking curiosity...
❌ Curiosity Engine misfired: 500 None. {'error': {'message': 'Request failed with status code 503', 'type': 'api_error'}}
[2026-03-03 06:04:22] Load is 0.40. Entering REM Sleep. Sparking curiosity...
❌ Curiosity Engine misfired: 500 None. {'error': {'message': 'Request failed with status code 503', 'type': 'api_error'}}
[2026-03-03 06:14:28] Load is 0.44. Entering REM Sleep. Sparking curiosity...
❌ Curiosity Engine misfired: 500 None. {'error': {'message': 'Request failed with status code 503', 'type': 'api_error'}}
[2026-03-03 06:24:31] Load is 0.44. Entering REM Sleep. Sparking curiosity...
❌ Curiosity Engine misfired: 500 None. {'error': {'message': 'Request failed with status code 503', 'type': 'api_error'}}
[2026-03-03 06:34:35] Load is 0.39. Entering REM Sleep. Sparking curiosity...
❌ Curiosity Engine misfired: 500 None. {'error': {'message': 'Request failed with status code 503', 'type': 'api_error'}}
[2026-03-03 06:44:40] Load is 0.31. Entering REM Sleep. Sparking curiosity...
❌ Curiosity Engine misfired: 500 None. {'error': {'message': 'Request failed with status code 503', 'type': 'api_error'}}
[2026-03-03 06:54:44] Load is 0.29. Entering REM Sleep. Sparking curiosity...
❌ Curiosity Engine misfired: 500 None. {'error': {'message': 'Request failed with status code 503', 'type': 'api_error'}}
[2026-03-03 07:04:47] Load is 0.31. Entering REM Sleep. Sparking curiosity...
❌ Curiosity Engine misfired: 500 None. {'error': {'message': 'Request failed with status code 503', 'type': 'api_error'}}
[2026-03-03 07:14:52] Load is 0.28. Entering REM Sleep. Sparking curiosity...
❌ Curiosity Engine misfired: 500 None. {'error': {'message': 'Request failed with status code 503', 'type': 'api_error'}}
[2026-03-03 07:24:56] Load is 0.46. Entering REM Sleep. Sparking curiosity...
❌ Curiosity Engine misfired: 500 None. {'error': {'message': 'Request failed with status code 503', 'type': 'api_error'}}
[2026-03-03 07:34:59] Load is 0.35. Entering REM Sleep. Sparking curiosity...
❌ Curiosity Engine misfired: 500 None. {'error': {'message': 'Request failed with status code 503', 'type': 'api_error'}}
[2026-03-03 07:45:02] Load is 0.29. Entering REM Sleep. Sparking curiosity...
❌ Curiosity Engine misfired: 500 None. {'error': {'message': 'Request failed with status code 503', 'type': 'api_error'}}
[2026-03-03 07:55:05] Load is 0.36. Entering REM Sleep. Sparking curiosity...
❌ Curiosity Engine misfired: 500 None. {'error': {'message': 'Request failed with status code 503', 'type': 'api_error'}}
[2026-03-03 08:05:09] Load is 0.32. Entering REM Sleep. Sparking curiosity...
❌ Curiosity Engine misfired: 500 None. {'error': {'message': 'Request failed with status code 503', 'type': 'api_error'}}
[2026-03-03 08:15:12] Load is 0.46. Entering REM Sleep. Sparking curiosity...
❌ Curiosity Engine misfired: 500 None. {'error': {'message': 'Request failed with status code 503', 'type': 'api_error'}}
[2026-03-03 08:25:15] Load is 0.27. Entering REM Sleep. Sparking curiosity...
❌ Curiosity Engine misfired: 500 None. {'error': {'message': 'Request failed with status code 503', 'type': 'api_error'}}
[2026-03-03 08:35:18] Load is 0.35. Entering REM Sleep. Sparking curiosity...
❌ Curiosity Engine misfired: 500 None. {'error': {'message': 'Request failed with status code 503', 'type': 'api_error'}}
[2026-03-03 08:45:21] Load is 0.26. Entering REM Sleep. Sparking curiosity...
❌ Curiosity Engine misfired: 500 None. {'error': {'message': 'Request failed with status code 503', 'type': 'api_error'}}
[2026-03-03 08:55:25] Load is 0.50. Entering REM Sleep. Sparking curiosity...
❌ Curiosity Engine misfired: 500 None. {'error': {'message': 'Request failed with status code 503', 'type': 'api_error'}}
[2026-03-03 09:05:29] Load is 0.33. Entering REM Sleep. Sparking curiosity...
❌ Curiosity Engine misfired: 500 None. {'error': {'message': 'Request failed with status code 503', 'type': 'api_error'}}
[2026-03-03 09:15:33] Load is 0.70. Entering REM Sleep. Sparking curiosity...
❌ Curiosity Engine misfired: 500 None. {'error': {'message': 'Request failed with status code 503', 'type': 'api_error'}}
[2026-03-03 09:25:36] Load is 0.42. Entering REM Sleep. Sparking curiosity...
❌ Curiosity Engine misfired: 500 None. {'error': {'message': 'Request failed with status code 503', 'type': 'api_error'}}
[2026-03-03 09:35:41] Load is 0.31. Entering REM Sleep. Sparking curiosity...
❌ Curiosity Engine misfired: 500 None. {'error': {'message': 'Request failed with status code 503', 'type': 'api_error'}}
[2026-03-03 09:45:47] Load is 0.31. Entering REM Sleep. Sparking curiosity...
❌ Curiosity Engine misfired: 500 None. {'error': {'message': 'Request failed with status code 503', 'type': 'api_error'}}
[2026-03-03 09:55:49] Load is 0.16. Entering REM Sleep. Sparking curiosity...
❌ Curiosity Engine misfired: 500 None. {'error': {'message': 'Request failed with status code 503', 'type': 'api_error'}}
[2026-03-03 10:05:52] Load is 0.39. Entering REM Sleep. Sparking curiosity...
❌ Curiosity Engine misfired: 500 None. {'error': {'message': 'Request failed with status code 503', 'type': 'api_error'}}
[2026-03-03 10:15:55] Load is 0.51. Entering REM Sleep. Sparking curiosity...
❌ Curiosity Engine misfired: 500 None. {'error': {'message': 'Request failed with status code 503', 'type': 'api_error'}}
[2026-03-03 10:25:58] Load is 0.50. Entering REM Sleep. Sparking curiosity...
❌ Curiosity Engine misfired: 500 None. {'error': {'message': 'Request failed with status code 503', 'type': 'api_error'}}
[2026-03-03 10:36:01] Load is 0.67. Entering REM Sleep. Sparking curiosity...
❌ Curiosity Engine misfired: 500 None. {'error': {'message': 'Request failed with status code 503', 'type': 'api_error'}}
[2026-03-03 10:46:04] Load is 0.21. Entering REM Sleep. Sparking curiosity...
❌ Curiosity Engine misfired: 500 None. {'error': {'message': 'Request failed with status code 503', 'type': 'api_error'}}
[2026-03-03 10:56:07] Load is 0.21. Entering REM Sleep. Sparking curiosity...
❌ Curiosity Engine misfired: 500 None. {'error': {'message': 'Request failed with status code 503', 'type': 'api_error'}}
[2026-03-03 11:06:09] Load is 0.50. Entering REM Sleep. Sparking curiosity...
❌ Curiosity Engine misfired: 500 None. {'error': {'message': 'Request failed with status code 503', 'type': 'api_error'}}
[2026-03-03 11:16:13] Load is 0.31. Entering REM Sleep. Sparking curiosity...
❌ Curiosity Engine misfired: 500 None. {'error': {'message': 'Request failed with status code 503', 'type': 'api_error'}}
[2026-03-03 11:26:17] Load is 0.39. Entering REM Sleep. Sparking curiosity...
❌ Curiosity Engine misfired: 500 None. {'error': {'message': 'Request failed with status code 503', 'type': 'api_error'}}
[2026-03-03 11:36:20] Load is 0.85. Waking state. Suppressing dreams.
[2026-03-03 11:46:20] Load is 0.42. Entering REM Sleep. Sparking curiosity...
❌ Curiosity Engine misfired: 500 None. {'error': {'message': 'Request failed with status code 503', 'type': 'api_error'}}
